# JRE version: Java(TM) SE Runtime Environment (17.0.9+11) (build 17.0.9+11-LTS-201)
# Java VM: Java HotSpot(TM) 64-Bit Server VM (17.0.9+11-LTS-201, mixed mode, sharing, tiered, compressed oops, compressed class ptrs, g1 gc, windows-amd64)
GC Precious Log:
 CPUs: 16 total, 16 available
 Memory: 32043M
 Large Page Support: Disabled
 NUMA Support: Disabled
 Compressed Oops: Enabled (Zero based)
 Heap Region Size: 4M
 Heap Min Capacity: 8M
 Heap Initial Capacity: 504M
 Heap Max Capacity: 8012M
 Pre-touch: Disabled
 Parallel Workers: 13
 Concurrent Workers: 3
 Concurrent Refinement Workers: 13
 Periodic GC: Disabled
Heap:
 garbage-first heap   total 307200K, used 61272K [0x000000060b400000, 0x0000000800000000)
  region size 4096K, 7 young (28672K), 4 survivors (16384K)
 Metaspace       used 33898K, committed 34304K, reserved 1114112K
  class space    used 3847K, committed 4032K, reserved 1048576K
GC Heap History (18 events):
Event: 0.494 GC heap before
{Heap before GC invocations=0 (full 0):
 garbage-first heap   total 516096K, used 24576K [0x000000060b400000, 0x0000000800000000)
  region size 4096K, 6 young (24576K), 0 survivors (0K)
 Metaspace       used 5420K, committed 5632K, reserved 1114112K
  class space    used 651K, committed 768K, reserved 1048576K
}
Event: 0.496 GC heap after
{Heap after GC invocations=1 (full 0):
 garbage-first heap   total 516096K, used 3827K [0x000000060b400000, 0x0000000800000000)
  region size 4096K, 1 young (4096K), 1 survivors (4096K)
 Metaspace       used 5420K, committed 5632K, reserved 1114112K
  class space    used 651K, committed 768K, reserved 1048576K
}
Event: 0.790 GC heap before
{Heap before GC invocations=1 (full 0):
 garbage-first heap   total 516096K, used 28403K [0x000000060b400000, 0x0000000800000000)
  region size 4096K, 7 young (28672K), 1 survivors (4096K)
 Metaspace       used 7692K, committed 7872K, reserved 1114112K
  class space    used 921K, committed 1024K, reserved 1048576K
}
Event: 0.793 GC heap after
{Heap after GC invocations=2 (full 0):
 garbage-first heap   total 516096K, used 4637K [0x000000060b400000, 0x0000000800000000)
  region size 4096K, 1 young (4096K), 1 survivors (4096K)
 Metaspace       used 7692K, committed 7872K, reserved 1114112K
  class space    used 921K, committed 1024K, reserved 1048576K
}
Event: 1.866 GC heap before
{Heap before GC invocations=2 (full 0):
 garbage-first heap   total 516096K, used 70173K [0x000000060b400000, 0x0000000800000000)
  region size 4096K, 17 young (69632K), 1 survivors (4096K)
 Metaspace       used 15468K, committed 15616K, reserved 1114112K
  class space    used 1846K, committed 1920K, reserved 1048576K
}
Event: 1.870 GC heap after
{Heap after GC invocations=3 (full 0):
 garbage-first heap   total 516096K, used 11691K [0x000000060b400000, 0x0000000800000000)
  region size 4096K, 2 young (8192K), 2 survivors (8192K)
 Metaspace       used 15468K, committed 15616K, reserved 1114112K
  class space    used 1846K, committed 1920K, reserved 1048576K
}
Event: 3.383 GC heap before
{Heap before GC invocations=3 (full 0):
 garbage-first heap   total 516096K, used 101803K [0x000000060b400000, 0x0000000800000000)
  region size 4096K, 25 young (102400K), 2 survivors (8192K)
 Metaspace       used 21271K, committed 21504K, reserved 1114112K
  class space    used 2486K, committed 2624K, reserved 1048576K
}
Event: 3.391 GC heap after
{Heap after GC invocations=4 (full 0):
 garbage-first heap   total 516096K, used 22149K [0x000000060b400000, 0x0000000800000000)
  region size 4096K, 5 young (20480K), 5 survivors (20480K)
 Metaspace       used 21271K, committed 21504K, reserved 1114112K
  class space    used 2486K, committed 2624K, reserved 1048576K
}
Event: 3.830 GC heap before
{Heap before GC invocations=5 (full 0):
 garbage-first heap   total 98304K, used 59013K [0x000000060b400000, 0x0000000800000000)
  region size 4096K, 14 young (57344K), 5 survivors (20480K)
 Metaspace       used 26254K, committed 26560K, reserved 1114112K
  class space    used 3033K, committed 3136K, reserved 1048576K
}
Event: 3.844 GC heap after
{Heap after GC invocations=6 (full 0):
 garbage-first heap   total 98304K, used 31908K [0x000000060b400000, 0x0000000800000000)
  region size 4096K, 2 young (8192K), 2 survivors (8192K)
 Metaspace       used 26254K, committed 26560K, reserved 1114112K
  class space    used 3033K, committed 3136K, reserved 1048576K
}
Event: 3.878 GC heap before
{Heap before GC invocations=6 (full 0):
 garbage-first heap   total 98304K, used 36004K [0x000000060b400000, 0x0000000800000000)
  region size 4096K, 3 young (12288K), 2 survivors (8192K)
 Metaspace       used 26307K, committed 26624K, reserved 1114112K
  class space    used 3036K, committed 3136K, reserved 1048576K
}
Event: 3.896 GC heap after
{Heap after GC invocations=7 (full 0):
 garbage-first heap   total 98304K, used 34832K [0x000000060b400000, 0x0000000800000000)
  region size 4096K, 1 young (4096K), 1 survivors (4096K)
 Metaspace       used 26307K, committed 26624K, reserved 1114112K
  class space    used 3036K, committed 3136K, reserved 1048576K
}
Event: 4.281 GC heap before
{Heap before GC invocations=7 (full 0):
 garbage-first heap   total 98304K, used 55312K [0x000000060b400000, 0x0000000800000000)
  region size 4096K, 7 young (28672K), 1 survivors (4096K)
 Metaspace       used 27380K, committed 27712K, reserved 1114112K
  class space    used 3113K, committed 3264K, reserved 1048576K
}
Event: 4.292 GC heap after
{Heap after GC invocations=8 (full 0):
 garbage-first heap   total 98304K, used 38921K [0x000000060b400000, 0x0000000800000000)
  region size 4096K, 1 young (4096K), 1 survivors (4096K)
 Metaspace       used 27380K, committed 27712K, reserved 1114112K
  class space    used 3113K, committed 3264K, reserved 1048576K
}
Event: 4.633 GC heap before
{Heap before GC invocations=8 (full 0):
 garbage-first heap   total 98304K, used 59401K [0x000000060b400000, 0x0000000800000000)
  region size 4096K, 7 young (28672K), 1 survivors (4096K)
 Metaspace       used 28624K, committed 28928K, reserved 1114112K
  class space    used 3268K, committed 3392K, reserved 1048576K
}
Event: 4.639 GC heap after
{Heap after GC invocations=9 (full 0):
 garbage-first heap   total 307200K, used 39827K [0x000000060b400000, 0x0000000800000000)
  region size 4096K, 1 young (4096K), 1 survivors (4096K)
 Metaspace       used 28624K, committed 28928K, reserved 1114112K
  class space    used 3268K, committed 3392K, reserved 1048576K
}
Event: 7.149 GC heap before
{Heap before GC invocations=9 (full 0):
 garbage-first heap   total 307200K, used 211859K [0x000000060b400000, 0x0000000800000000)
  region size 4096K, 43 young (176128K), 1 survivors (4096K)
 Metaspace       used 33327K, committed 33792K, reserved 1114112K
  class space    used 3781K, committed 3968K, reserved 1048576K
}
Event: 7.159 GC heap after
{Heap after GC invocations=10 (full 0):
 garbage-first heap   total 307200K, used 53080K [0x000000060b400000, 0x0000000800000000)
  region size 4096K, 4 young (16384K), 4 survivors (16384K)
 Metaspace       used 33327K, committed 33792K, reserved 1114112K
  class space    used 3781K, committed 3968K, reserved 1048576K
}

